{"timestamp": "2026-05-26 09:06:57,078", "level": "INFO", "name": "neera", "message": "{\"type\": \"request_timing\", \"path\": \"/health\", \"method\": \"GET\", \"duration_ms\": 63.79, \"status_code\": 200}"}
{"timestamp": "2026-05-26 09:06:57,283", "level": "INFO", "name": "neera", "message": "{\"type\": \"request_timing\", \"path\": \"/api/risk-summary\", \"method\": \"GET\", \"duration_ms\": 269.28, \"status_code\": 200}"}
{"timestamp": "2026-05-26 09:06:58,617", "level": "INFO", "name": "neera", "message": "{\"type\": \"request_timing\", \"path\": \"/api/forecast\", \"method\": \"GET\", \"duration_ms\": 1602.57, \"status_code\": 200}"}
{"timestamp": "2026-05-26 09:06:58,653", "level": "INFO", "name": "neera", "message": "{\"type\": \"request_timing\", \"path\": \"/stations/020109B/history\", \"method\": \"GET\", \"duration_ms\": 20.48, \"status_code\": 200}"}
{"timestamp": "2026-05-26 09:07:07,516", "level": "INFO", "name": "neera", "message": "{\"type\": \"request_timing\", \"path\": \"/api/alerts\", \"method\": \"GET\", \"duration_ms\": 10226.44, \"status_code\": 200}"}
{"timestamp": "2026-05-26 09:07:07,537", "level": "INFO", "name": "neera", "message": "{\"type\": \"request_timing\", \"path\": \"/api/sensors/latest\", \"method\": \"GET\", \"duration_ms\": 11.25, \"status_code\": 200}"}
{"timestamp": "2026-05-26 09:07:11,924", "level": "INFO", "name": "neera", "message": "{\"type\": \"request_timing\", \"path\": \"/health\", \"method\": \"GET\", \"duration_ms\": 1.06, \"status_code\": 200}"}
{"timestamp": "2026-05-26 09:07:21,465", "level": "INFO", "name": "neera", "message": "{\"type\": \"request_timing\", \"path\": \"/api/geocode/autocomplete\", \"method\": \"GET\", \"duration_ms\": 458.3, \"status_code\": 200}"}
{"timestamp": "2026-05-26 09:07:22,015", "level": "INFO", "name": "neera", "message": "{\"type\": \"request_timing\", \"path\": \"/api/forecast\", \"method\": \"GET\", \"duration_ms\": 1345.12, \"status_code\": 200}"}
{"timestamp": "2026-05-26 09:07:22,034", "level": "INFO", "name": "neera", "message": "{\"type\": \"request_timing\", \"path\": \"/stations/060203HP/history\", \"method\": \"GET\", \"duration_ms\": 14.03, \"status_code\": 200}"}
{"timestamp": "2026-05-26 09:07:26,923", "level": "INFO", "name": "neera", "message": "{\"type\": \"request_timing\", \"path\": \"/health\", \"method\": \"GET\", \"duration_ms\": 0.48, \"status_code\": 200}"}
{"timestamp": "2026-05-26 09:07:41,929", "level": "INFO", "name": "neera", "message": "{\"type\": \"request_timing\", \"path\": \"/health\", \"method\": \"GET\", \"duration_ms\": 0.8, \"status_code\": 200}"}
{"timestamp": "2026-05-26 09:07:56,929", "level": "INFO", "name": "neera", "message": "{\"type\": \"request_timing\", \"path\": \"/health\", \"method\": \"GET\", \"duration_ms\": 0.58, \"status_code\": 200}"}
{"timestamp": "2026-05-26 09:08:11,929", "level": "INFO", "name": "neera", "message": "{\"type\": \"request_timing\", \"path\": \"/health\", \"method\": \"GET\", \"duration_ms\": 0.46, \"status_code\": 200}"}
{"timestamp": "2026-05-26 09:08:26,935", "level": "INFO", "name": "neera", "message": "{\"type\": \"request_timing\", \"path\": \"/health\", \"method\": \"GET\", \"duration_ms\": 1.32, \"status_code\": 200}"}
{"timestamp": "2026-05-26 09:08:28,880", "level": "INFO", "name": "neera", "message": "{\"type\": \"request_timing\", \"path\": \"/api/geocode/autocomplete\", \"method\": \"GET\", \"duration_ms\": 897.35, \"status_code\": 200}"}
{"timestamp": "2026-05-26 09:08:29,142", "level": "INFO", "name": "neera", "message": "{\"type\": \"request_timing\", \"path\": \"/api/forecast\", \"method\": \"GET\", \"duration_ms\": 1486.69, \"status_code\": 200}"}
{"timestamp": "2026-05-26 09:08:29,157", "level": "INFO", "name": "neera", "message": "{\"type\": \"request_timing\", \"path\": \"/stations/060203HP/history\", \"method\": \"GET\", \"duration_ms\": 11.68, \"status_code\": 200}"}
{"timestamp": "2026-05-26 09:08:33,536", "level": "INFO", "name": "neera", "message": "{\"type\": \"request_timing\", \"path\": \"/api/forecast\", \"method\": \"GET\", \"duration_ms\": 658.88, \"status_code\": 200}"}
{"timestamp": "2026-05-26 09:08:33,550", "level": "INFO", "name": "neera", "message": "{\"type\": \"request_timing\", \"path\": \"/stations/060203HP/history\", \"method\": \"GET\", \"duration_ms\": 6.83, \"status_code\": 200}"}
{"timestamp": "2026-05-26 09:08:41,937", "level": "INFO", "name": "neera", "message": "{\"type\": \"request_timing\", \"path\": \"/health\", \"method\": \"GET\", \"duration_ms\": 0.84, \"status_code\": 200}"}
{"timestamp": "2026-05-26 09:08:56,940", "level": "INFO", "name": "neera", "message": "{\"type\": \"request_timing\", \"path\": \"/health\", \"method\": \"GET\", \"duration_ms\": 0.48, \"status_code\": 200}"}
{"timestamp": "2026-05-26 09:09:04,382", "level": "INFO", "name": "neera", "message": "{\"type\": \"request_timing\", \"path\": \"/api/geocode/autocomplete\", \"method\": \"GET\", \"duration_ms\": 454.52, \"status_code\": 200}"}
{"timestamp": "2026-05-26 09:09:05,436", "level": "INFO", "name": "neera", "message": "{\"type\": \"request_timing\", \"path\": \"/api/geocode/autocomplete\", \"method\": \"GET\", \"duration_ms\": 795.35, \"status_code\": 200}"}
{"timestamp": "2026-05-26 09:09:09,781", "level": "INFO", "name": "neera", "message": "{\"type\": \"request_timing\", \"path\": \"/api/forecast\", \"method\": \"GET\", \"duration_ms\": 4474.15, \"status_code\": 200}"}
{"timestamp": "2026-05-26 09:09:09,794", "level": "INFO", "name": "neera", "message": "{\"type\": \"request_timing\", \"path\": \"/stations/W131115077281501/history\", \"method\": \"GET\", \"duration_ms\": 7.29, \"status_code\": 200}"}
{"timestamp": "2026-05-26 09:09:11,940", "level": "INFO", "name": "neera", "message": "{\"type\": \"request_timing\", \"path\": \"/health\", \"method\": \"GET\", \"duration_ms\": 0.47, \"status_code\": 200}"}
{"timestamp": "2026-05-26 09:09:26,948", "level": "INFO", "name": "neera", "message": "{\"type\": \"request_timing\", \"path\": \"/health\", \"method\": \"GET\", \"duration_ms\": 0.83, \"status_code\": 200}"}
{"timestamp": "2026-05-26 09:09:41,953", "level": "INFO", "name": "neera", "message": "{\"type\": \"request_timing\", \"path\": \"/health\", \"method\": \"GET\", \"duration_ms\": 0.54, \"status_code\": 200}"}
{"timestamp": "2026-05-26 09:09:56,955", "level": "INFO", "name": "neera", "message": "{\"type\": \"request_timing\", \"path\": \"/health\", \"method\": \"GET\", \"duration_ms\": 0.47, \"status_code\": 200}"}
{"timestamp": "2026-05-26 09:10:11,961", "level": "INFO", "name": "neera", "message": "{\"type\": \"request_timing\", \"path\": \"/health\", \"method\": \"GET\", \"duration_ms\": 0.45, \"status_code\": 200}"}
{"timestamp": "2026-05-26 09:10:26,965", "level": "INFO", "name": "neera", "message": "{\"type\": \"request_timing\", \"path\": \"/health\", \"method\": \"GET\", \"duration_ms\": 0.63, \"status_code\": 200}"}
{"timestamp": "2026-05-26 09:10:29,227", "level": "INFO", "name": "neera", "message": "{\"type\": \"request_timing\", \"path\": \"/api/geocode/autocomplete\", \"method\": \"GET\", \"duration_ms\": 952.47, \"status_code\": 200}"}
{"timestamp": "2026-05-26 09:10:29,253", "level": "INFO", "name": "neera", "message": "{\"type\": \"request_timing\", \"path\": \"/api/forecast\", \"method\": \"GET\", \"duration_ms\": 1315.58, \"status_code\": 200}"}
{"timestamp": "2026-05-26 09:10:29,294", "level": "INFO", "name": "neera", "message": "{\"type\": \"request_timing\", \"path\": \"/stations/060203HP/history\", \"method\": \"GET\", \"duration_ms\": 14.52, \"status_code\": 200}"}
{"timestamp": "2026-05-26 09:10:38,191", "level": "INFO", "name": "neera", "message": "{\"type\": \"request_timing\", \"path\": \"/api/geocode/autocomplete\", \"method\": \"GET\", \"duration_ms\": 434.64, \"status_code\": 200}"}
{"timestamp": "2026-05-26 09:10:38,592", "level": "INFO", "name": "neera", "message": "{\"type\": \"request_timing\", \"path\": \"/api/forecast\", \"method\": \"GET\", \"duration_ms\": 1149.94, \"status_code\": 200}"}
{"timestamp": "2026-05-26 09:10:38,615", "level": "INFO", "name": "neera", "message": "{\"type\": \"request_timing\", \"path\": \"/stations/060203HP/history\", \"method\": \"GET\", \"duration_ms\": 16.63, \"status_code\": 200}"}
{"timestamp": "2026-05-26 09:10:42,016", "level": "INFO", "name": "neera", "message": "{\"type\": \"request_timing\", \"path\": \"/health\", \"method\": \"GET\", \"duration_ms\": 1.04, \"status_code\": 200}"}
{"timestamp": "2026-05-26 09:10:57,025", "level": "INFO", "name": "neera", "message": "{\"type\": \"request_timing\", \"path\": \"/health\", \"method\": \"GET\", \"duration_ms\": 1.38, \"status_code\": 200}"}
{"timestamp": "2026-05-26 09:11:12,027", "level": "INFO", "name": "neera", "message": "{\"type\": \"request_timing\", \"path\": \"/health\", \"method\": \"GET\", \"duration_ms\": 1.38, \"status_code\": 200}"}
{"timestamp": "2026-05-26 09:11:27,031", "level": "INFO", "name": "neera", "message": "{\"type\": \"request_timing\", \"path\": \"/health\", \"method\": \"GET\", \"duration_ms\": 0.64, \"status_code\": 200}"}
{"timestamp": "2026-05-26 09:11:42,033", "level": "INFO", "name": "neera", "message": "{\"type\": \"request_timing\", \"path\": \"/health\", \"method\": \"GET\", \"duration_ms\": 0.46, \"status_code\": 200}"}
{"timestamp": "2026-05-26 09:11:50,556", "level": "INFO", "name": "neera", "message": "{\"type\": \"request_timing\", \"path\": \"/api/geocode/autocomplete\", \"method\": \"GET\", \"duration_ms\": 1177.07, \"status_code\": 200}"}
{"timestamp": "2026-05-26 09:11:50,927", "level": "INFO", "name": "neera", "message": "{\"type\": \"request_timing\", \"path\": \"/api/geocode/autocomplete\", \"method\": \"GET\", \"duration_ms\": 446.62, \"status_code\": 200}"}
{"timestamp": "2026-05-26 09:11:51,982", "level": "INFO", "name": "neera", "message": "{\"type\": \"request_timing\", \"path\": \"/api/geocode/autocomplete\", \"method\": \"GET\", \"duration_ms\": 1068.21, \"status_code\": 200}"}
{"timestamp": "2026-05-26 09:11:52,903", "level": "INFO", "name": "neera", "message": "{\"type\": \"request_timing\", \"path\": \"/api/forecast\", \"method\": \"GET\", \"duration_ms\": 624.21, \"status_code\": 200}"}
{"timestamp": "2026-05-26 09:11:57,033", "level": "INFO", "name": "neera", "message": "{\"type\": \"request_timing\", \"path\": \"/health\", \"method\": \"GET\", \"duration_ms\": 0.5, \"status_code\": 200}"}
{"timestamp": "2026-05-26 09:12:12,043", "level": "INFO", "name": "neera", "message": "{\"type\": \"request_timing\", \"path\": \"/health\", \"method\": \"GET\", \"duration_ms\": 1.64, \"status_code\": 200}"}
{"timestamp": "2026-05-26 09:12:16,511", "level": "INFO", "name": "neera", "message": "{\"type\": \"request_timing\", \"path\": \"/api/forecast\", \"method\": \"GET\", \"duration_ms\": 56.99, \"status_code\": 200}"}
{"timestamp": "2026-05-26 09:12:16,528", "level": "INFO", "name": "neera", "message": "{\"type\": \"request_timing\", \"path\": \"/stations/060203HP/history\", \"method\": \"GET\", \"duration_ms\": 13.18, \"status_code\": 200}"}
{"timestamp": "2026-05-26 09:12:16,960", "level": "INFO", "name": "neera", "message": "{\"type\": \"request_timing\", \"path\": \"/api/geocode/autocomplete\", \"method\": \"GET\", \"duration_ms\": 189.41, \"status_code\": 200}"}
{"timestamp": "2026-05-26 09:12:27,046", "level": "INFO", "name": "neera", "message": "{\"type\": \"request_timing\", \"path\": \"/health\", \"method\": \"GET\", \"duration_ms\": 0.5, \"status_code\": 200}"}
{"timestamp": "2026-05-26 09:12:42,048", "level": "INFO", "name": "neera", "message": "{\"type\": \"request_timing\", \"path\": \"/health\", \"method\": \"GET\", \"duration_ms\": 0.42, \"status_code\": 200}"}
{"timestamp": "2026-05-26 09:12:57,052", "level": "INFO", "name": "neera", "message": "{\"type\": \"request_timing\", \"path\": \"/health\", \"method\": \"GET\", \"duration_ms\": 0.44, \"status_code\": 200}"}
{"timestamp": "2026-05-26 09:13:12,056", "level": "INFO", "name": "neera", "message": "{\"type\": \"request_timing\", \"path\": \"/health\", \"method\": \"GET\", \"duration_ms\": 0.44, \"status_code\": 200}"}
{"timestamp": "2026-05-26 09:13:27,065", "level": "INFO", "name": "neera", "message": "{\"type\": \"request_timing\", \"path\": \"/health\", \"method\": \"GET\", \"duration_ms\": 4.21, \"status_code\": 200}"}
{"timestamp": "2026-05-26 09:13:42,070", "level": "INFO", "name": "neera", "message": "{\"type\": \"request_timing\", \"path\": \"/health\", \"method\": \"GET\", \"duration_ms\": 1.62, \"status_code\": 200}"}
{"timestamp": "2026-05-26 09:13:57,069", "level": "INFO", "name": "neera", "message": "{\"type\": \"request_timing\", \"path\": \"/health\", \"method\": \"GET\", \"duration_ms\": 0.48, \"status_code\": 200}"}
{"timestamp": "2026-05-26 09:14:02,524", "level": "INFO", "name": "neera", "message": "{\"type\": \"request_timing\", \"path\": \"/api/sensors/ingest\", \"method\": \"POST\", \"duration_ms\": 137.03, \"status_code\": 200}"}
{"timestamp": "2026-05-26 09:14:02,553", "level": "INFO", "name": "neera", "message": "{\"type\": \"request_timing\", \"path\": \"/api/sensors/latest\", \"method\": \"GET\", \"duration_ms\": 1.45, \"status_code\": 200}"}
{"timestamp": "2026-05-26 09:14:06,377", "level": "INFO", "name": "neera", "message": "{\"type\": \"request_timing\", \"path\": \"/api/sensors/ingest\", \"method\": \"POST\", \"duration_ms\": 2.44, \"status_code\": 200}"}
{"timestamp": "2026-05-26 09:14:06,382", "level": "INFO", "name": "neera", "message": "{\"type\": \"request_timing\", \"path\": \"/api/sensors/latest\", \"method\": \"GET\", \"duration_ms\": 1.03, \"status_code\": 200}"}
{"timestamp": "2026-05-26 09:14:10,380", "level": "INFO", "name": "neera", "message": "{\"type\": \"request_timing\", \"path\": \"/api/sensors/ingest\", \"method\": \"POST\", \"duration_ms\": 3.14, \"status_code\": 200}"}
{"timestamp": "2026-05-26 09:14:10,386", "level": "INFO", "name": "neera", "message": "{\"type\": \"request_timing\", \"path\": \"/api/sensors/latest\", \"method\": \"GET\", \"duration_ms\": 1.42, \"status_code\": 200}"}
{"timestamp": "2026-05-26 09:14:12,067", "level": "INFO", "name": "neera", "message": "{\"type\": \"request_timing\", \"path\": \"/health\", \"method\": \"GET\", \"duration_ms\": 0.46, \"status_code\": 200}"}
{"timestamp": "2026-05-26 09:14:14,378", "level": "INFO", "name": "neera", "message": "{\"type\": \"request_timing\", \"path\": \"/api/sensors/ingest\", \"method\": \"POST\", \"duration_ms\": 2.36, \"status_code\": 200}"}
{"timestamp": "2026-05-26 09:14:14,383", "level": "INFO", "name": "neera", "message": "{\"type\": \"request_timing\", \"path\": \"/api/sensors/latest\", \"method\": \"GET\", \"duration_ms\": 1.12, \"status_code\": 200}"}
{"timestamp": "2026-05-26 09:14:18,379", "level": "INFO", "name": "neera", "message": "{\"type\": \"request_timing\", \"path\": \"/api/sensors/ingest\", \"method\": \"POST\", \"duration_ms\": 2.65, \"status_code\": 200}"}
{"timestamp": "2026-05-26 09:14:18,385", "level": "INFO", "name": "neera", "message": "{\"type\": \"request_timing\", \"path\": \"/api/sensors/latest\", \"method\": \"GET\", \"duration_ms\": 1.04, \"status_code\": 200}"}
{"timestamp": "2026-05-26 09:14:22,378", "level": "INFO", "name": "neera", "message": "{\"type\": \"request_timing\", \"path\": \"/api/sensors/ingest\", \"method\": \"POST\", \"duration_ms\": 2.26, \"status_code\": 200}"}
{"timestamp": "2026-05-26 09:14:22,382", "level": "INFO", "name": "neera", "message": "{\"type\": \"request_timing\", \"path\": \"/api/sensors/latest\", \"method\": \"GET\", \"duration_ms\": 1.24, \"status_code\": 200}"}
{"timestamp": "2026-05-26 09:14:26,385", "level": "INFO", "name": "neera", "message": "{\"type\": \"request_timing\", \"path\": \"/api/sensors/ingest\", \"method\": \"POST\", \"duration_ms\": 2.7, \"status_code\": 200}"}
{"timestamp": "2026-05-26 09:14:26,389", "level": "INFO", "name": "neera", "message": "{\"type\": \"request_timing\", \"path\": \"/api/sensors/latest\", \"method\": \"GET\", \"duration_ms\": 1.16, \"status_code\": 200}"}
{"timestamp": "2026-05-26 09:14:27,072", "level": "INFO", "name": "neera", "message": "{\"type\": \"request_timing\", \"path\": \"/health\", \"method\": \"GET\", \"duration_ms\": 0.77, \"status_code\": 200}"}
{"timestamp": "2026-05-26 09:14:30,388", "level": "INFO", "name": "neera", "message": "{\"type\": \"request_timing\", \"path\": \"/api/sensors/ingest\", \"method\": \"POST\", \"duration_ms\": 2.46, \"status_code\": 200}"}
{"timestamp": "2026-05-26 09:14:30,393", "level": "INFO", "name": "neera", "message": "{\"type\": \"request_timing\", \"path\": \"/api/sensors/latest\", \"method\": \"GET\", \"duration_ms\": 1.08, \"status_code\": 200}"}
{"timestamp": "2026-05-26 09:14:34,392", "level": "INFO", "name": "neera", "message": "{\"type\": \"request_timing\", \"path\": \"/api/sensors/ingest\", \"method\": \"POST\", \"duration_ms\": 2.4, \"status_code\": 200}"}
{"timestamp": "2026-05-26 09:14:34,397", "level": "INFO", "name": "neera", "message": "{\"type\": \"request_timing\", \"path\": \"/api/sensors/latest\", \"method\": \"GET\", \"duration_ms\": 1.01, \"status_code\": 200}"}
{"timestamp": "2026-05-26 09:14:38,396", "level": "INFO", "name": "neera", "message": "{\"type\": \"request_timing\", \"path\": \"/api/sensors/ingest\", \"method\": \"POST\", \"duration_ms\": 2.42, \"status_code\": 200}"}
{"timestamp": "2026-05-26 09:14:38,400", "level": "INFO", "name": "neera", "message": "{\"type\": \"request_timing\", \"path\": \"/api/sensors/latest\", \"method\": \"GET\", \"duration_ms\": 1.08, \"status_code\": 200}"}
{"timestamp": "2026-05-26 09:14:42,078", "level": "INFO", "name": "neera", "message": "{\"type\": \"request_timing\", \"path\": \"/health\", \"method\": \"GET\", \"duration_ms\": 0.42, \"status_code\": 200}"}
{"timestamp": "2026-05-26 09:14:42,400", "level": "INFO", "name": "neera", "message": "{\"type\": \"request_timing\", \"path\": \"/api/sensors/ingest\", \"method\": \"POST\", \"duration_ms\": 2.44, \"status_code\": 200}"}
{"timestamp": "2026-05-26 09:14:42,404", "level": "INFO", "name": "neera", "message": "{\"type\": \"request_timing\", \"path\": \"/api/sensors/latest\", \"method\": \"GET\", \"duration_ms\": 0.96, \"status_code\": 200}"}
{"timestamp": "2026-05-26 09:14:46,408", "level": "INFO", "name": "neera", "message": "{\"type\": \"request_timing\", \"path\": \"/api/sensors/ingest\", \"method\": \"POST\", \"duration_ms\": 4.13, \"status_code\": 200}"}
{"timestamp": "2026-05-26 09:14:46,413", "level": "INFO", "name": "neera", "message": "{\"type\": \"request_timing\", \"path\": \"/api/sensors/latest\", \"method\": \"GET\", \"duration_ms\": 1.26, \"status_code\": 200}"}
{"timestamp": "2026-05-26 09:14:50,979", "level": "INFO", "name": "neera", "message": "{\"type\": \"request_timing\", \"path\": \"/api/sensors/ingest\", \"method\": \"POST\", \"duration_ms\": 15.0, \"status_code\": 200}"}
{"timestamp": "2026-05-26 09:14:51,299", "level": "INFO", "name": "neera", "message": "{\"type\": \"request_timing\", \"path\": \"/api/sensors/latest\", \"method\": \"GET\", \"duration_ms\": 26.85, \"status_code\": 200}"}
{"timestamp": "2026-05-26 09:14:56,279", "level": "INFO", "name": "neera", "message": "{\"type\": \"request_timing\", \"path\": \"/api/sensors/ingest\", \"method\": \"POST\", \"duration_ms\": 4.08, \"status_code\": 200}"}
{"timestamp": "2026-05-26 09:14:56,285", "level": "INFO", "name": "neera", "message": "{\"type\": \"request_timing\", \"path\": \"/api/sensors/latest\", \"method\": \"GET\", \"duration_ms\": 1.25, \"status_code\": 200}"}
{"timestamp": "2026-05-26 09:14:57,181", "level": "INFO", "name": "neera", "message": "{\"type\": \"request_timing\", \"path\": \"/health\", \"method\": \"GET\", \"duration_ms\": 0.58, \"status_code\": 200}"}
{"timestamp": "2026-05-26 09:15:00,332", "level": "INFO", "name": "neera", "message": "{\"type\": \"request_timing\", \"path\": \"/api/sensors/ingest\", \"method\": \"POST\", \"duration_ms\": 2.5, \"status_code\": 200}"}
{"timestamp": "2026-05-26 09:15:00,345", "level": "INFO", "name": "neera", "message": "{\"type\": \"request_timing\", \"path\": \"/api/sensors/latest\", \"method\": \"GET\", \"duration_ms\": 1.31, \"status_code\": 200}"}
{"timestamp": "2026-05-26 09:15:28,520", "level": "INFO", "name": "neera", "message": "{\"type\": \"request_timing\", \"path\": \"/api/sensors/ingest\", \"method\": \"POST\", \"duration_ms\": 13.08, \"status_code\": 200}"}
{"timestamp": "2026-05-26 09:15:28,807", "level": "INFO", "name": "neera", "message": "{\"type\": \"request_timing\", \"path\": \"/health\", \"method\": \"GET\", \"duration_ms\": 0.79, \"status_code\": 200}"}
{"timestamp": "2026-05-26 09:15:29,129", "level": "INFO", "name": "neera", "message": "{\"type\": \"request_timing\", \"path\": \"/api/sensors/latest\", \"method\": \"GET\", \"duration_ms\": 3.74, \"status_code\": 200}"}
{"timestamp": "2026-05-26 09:16:31,257", "level": "INFO", "name": "neera", "message": "{\"type\": \"request_timing\", \"path\": \"/api/sensors/ingest\", \"method\": \"POST\", \"duration_ms\": 15.39, \"status_code\": 200}"}
{"timestamp": "2026-05-26 09:16:31,271", "level": "INFO", "name": "neera", "message": "{\"type\": \"request_timing\", \"path\": \"/health\", \"method\": \"GET\", \"duration_ms\": 0.52, \"status_code\": 200}"}
{"timestamp": "2026-05-26 09:16:31,278", "level": "INFO", "name": "neera", "message": "{\"type\": \"request_timing\", \"path\": \"/api/sensors/latest\", \"method\": \"GET\", \"duration_ms\": 1.35, \"status_code\": 200}"}
{"timestamp": "2026-05-26 09:16:42,891", "level": "INFO", "name": "neera", "message": "{\"type\": \"request_timing\", \"path\": \"/api/sensors/ingest\", \"method\": \"POST\", \"duration_ms\": 8.97, \"status_code\": 200}"}
{"timestamp": "2026-05-26 09:16:42,939", "level": "INFO", "name": "neera", "message": "{\"type\": \"request_timing\", \"path\": \"/api/sensors/latest\", \"method\": \"GET\", \"duration_ms\": 5.53, \"status_code\": 200}"}
{"timestamp": "2026-05-26 09:16:46,557", "level": "INFO", "name": "neera", "message": "{\"type\": \"request_timing\", \"path\": \"/health\", \"method\": \"GET\", \"duration_ms\": 4.11, \"status_code\": 200}"}
{"timestamp": "2026-05-26 09:16:47,378", "level": "INFO", "name": "neera", "message": "{\"type\": \"request_timing\", \"path\": \"/api/sensors/ingest\", \"method\": \"POST\", \"duration_ms\": 216.13, \"status_code\": 200}"}
{"timestamp": "2026-05-26 09:16:47,444", "level": "INFO", "name": "neera", "message": "{\"type\": \"request_timing\", \"path\": \"/api/sensors/latest\", \"method\": \"GET\", \"duration_ms\": 28.98, \"status_code\": 200}"}
{"timestamp": "2026-05-26 09:16:51,063", "level": "INFO", "name": "neera", "message": "{\"type\": \"request_timing\", \"path\": \"/api/sensors/ingest\", \"method\": \"POST\", \"duration_ms\": 10.61, \"status_code\": 200}"}
{"timestamp": "2026-05-26 09:16:51,078", "level": "INFO", "name": "neera", "message": "{\"type\": \"request_timing\", \"path\": \"/api/sensors/latest\", \"method\": \"GET\", \"duration_ms\": 3.4, \"status_code\": 200}"}
{"timestamp": "2026-05-26 09:16:55,399", "level": "INFO", "name": "neera", "message": "{\"type\": \"request_timing\", \"path\": \"/api/sensors/ingest\", \"method\": \"POST\", \"duration_ms\": 2.51, \"status_code\": 200}"}
{"timestamp": "2026-05-26 09:16:55,404", "level": "INFO", "name": "neera", "message": "{\"type\": \"request_timing\", \"path\": \"/api/sensors/latest\", \"method\": \"GET\", \"duration_ms\": 1.1, \"status_code\": 200}"}
{"timestamp": "2026-05-26 09:17:01,475", "level": "INFO", "name": "neera", "message": "{\"type\": \"request_timing\", \"path\": \"/health\", \"method\": \"GET\", \"duration_ms\": 4.28, \"status_code\": 200}"}
{"timestamp": "2026-05-26 09:17:02,019", "level": "INFO", "name": "neera", "message": "{\"type\": \"request_timing\", \"path\": \"/api/sensors/ingest\", \"method\": \"POST\", \"duration_ms\": 6.83, \"status_code\": 200}"}
{"timestamp": "2026-05-26 09:17:02,030", "level": "INFO", "name": "neera", "message": "{\"type\": \"request_timing\", \"path\": \"/api/sensors/latest\", \"method\": \"GET\", \"duration_ms\": 1.39, \"status_code\": 200}"}
{"timestamp": "2026-05-26 09:17:32,593", "level": "INFO", "name": "neera", "message": "{\"type\": \"request_timing\", \"path\": \"/health\", \"method\": \"GET\", \"duration_ms\": 4.53, \"status_code\": 200}"}
{"timestamp": "2026-05-26 09:17:32,598", "level": "INFO", "name": "neera", "message": "{\"type\": \"request_timing\", \"path\": \"/api/sensors/ingest\", \"method\": \"POST\", \"duration_ms\": 11.3, \"status_code\": 200}"}
{"timestamp": "2026-05-26 09:17:32,642", "level": "INFO", "name": "neera", "message": "{\"type\": \"request_timing\", \"path\": \"/api/sensors/latest\", \"method\": \"GET\", \"duration_ms\": 1.68, \"status_code\": 200}"}
{"timestamp": "2026-05-26 09:18:34,218", "level": "INFO", "name": "neera", "message": "{\"type\": \"request_timing\", \"path\": \"/api/sensors/ingest\", \"method\": \"POST\", \"duration_ms\": 10.41, \"status_code\": 200}"}
{"timestamp": "2026-05-26 09:18:34,326", "level": "INFO", "name": "neera", "message": "{\"type\": \"request_timing\", \"path\": \"/health\", \"method\": \"GET\", \"duration_ms\": 0.8, \"status_code\": 200}"}
{"timestamp": "2026-05-26 09:18:34,330", "level": "INFO", "name": "neera", "message": "{\"type\": \"request_timing\", \"path\": \"/api/sensors/latest\", \"method\": \"GET\", \"duration_ms\": 1.67, \"status_code\": 200}"}
{"timestamp": "2026-05-26 09:19:34,787", "level": "INFO", "name": "neera", "message": "{\"type\": \"request_timing\", \"path\": \"/health\", \"method\": \"GET\", \"duration_ms\": 2.02, \"status_code\": 200}"}
{"timestamp": "2026-05-26 09:19:34,817", "level": "INFO", "name": "neera", "message": "{\"type\": \"request_timing\", \"path\": \"/api/sensors/ingest\", \"method\": \"POST\", \"duration_ms\": 6.57, \"status_code\": 200}"}
{"timestamp": "2026-05-26 09:19:35,009", "level": "INFO", "name": "neera", "message": "{\"type\": \"request_timing\", \"path\": \"/api/sensors/latest\", \"method\": \"GET\", \"duration_ms\": 6.06, \"status_code\": 200}"}
{"timestamp": "2026-05-26 09:20:35,302", "level": "INFO", "name": "neera", "message": "{\"type\": \"request_timing\", \"path\": \"/api/sensors/ingest\", \"method\": \"POST\", \"duration_ms\": 10.32, \"status_code\": 200}"}
{"timestamp": "2026-05-26 09:20:35,502", "level": "INFO", "name": "neera", "message": "{\"type\": \"request_timing\", \"path\": \"/api/sensors/latest\", \"method\": \"GET\", \"duration_ms\": 5.72, \"status_code\": 200}"}
{"timestamp": "2026-05-26 09:21:36,680", "level": "INFO", "name": "neera", "message": "{\"type\": \"request_timing\", \"path\": \"/health\", \"method\": \"GET\", \"duration_ms\": 8.99, \"status_code\": 200}"}
{"timestamp": "2026-05-26 09:22:29,051", "level": "INFO", "name": "neera", "message": "{\"type\": \"request_timing\", \"path\": \"/health\", \"method\": \"GET\", \"duration_ms\": 3.99, \"status_code\": 200}"}
{"timestamp": "2026-05-26 09:22:29,058", "level": "INFO", "name": "neera", "message": "{\"type\": \"request_timing\", \"path\": \"/api/sensors/ingest\", \"method\": \"POST\", \"duration_ms\": 18.07, \"status_code\": 200}"}
{"timestamp": "2026-05-26 09:22:29,184", "level": "INFO", "name": "neera", "message": "{\"type\": \"request_timing\", \"path\": \"/api/sensors/latest\", \"method\": \"GET\", \"duration_ms\": 93.87, \"status_code\": 200}"}
{"timestamp": "2026-05-26 09:22:33,062", "level": "INFO", "name": "neera", "message": "{\"type\": \"request_timing\", \"path\": \"/api/sensors/ingest\", \"method\": \"POST\", \"duration_ms\": 36.98, \"status_code\": 200}"}
{"timestamp": "2026-05-26 09:22:33,102", "level": "INFO", "name": "neera", "message": "{\"type\": \"request_timing\", \"path\": \"/api/sensors/latest\", \"method\": \"GET\", \"duration_ms\": 12.71, \"status_code\": 200}"}
{"timestamp": "2026-05-26 09:22:37,137", "level": "INFO", "name": "neera", "message": "{\"type\": \"request_timing\", \"path\": \"/api/sensors/ingest\", \"method\": \"POST\", \"duration_ms\": 19.48, \"status_code\": 200}"}
{"timestamp": "2026-05-26 09:22:37,172", "level": "INFO", "name": "neera", "message": "{\"type\": \"request_timing\", \"path\": \"/api/sensors/latest\", \"method\": \"GET\", \"duration_ms\": 14.77, \"status_code\": 200}"}
{"timestamp": "2026-05-26 09:22:45,039", "level": "INFO", "name": "neera", "message": "{\"type\": \"request_timing\", \"path\": \"/health\", \"method\": \"GET\", \"duration_ms\": 53.82, \"status_code\": 200}"}
{"timestamp": "2026-05-26 09:22:45,055", "level": "INFO", "name": "neera", "message": "{\"type\": \"request_timing\", \"path\": \"/api/sensors/ingest\", \"method\": \"POST\", \"duration_ms\": 109.12, \"status_code\": 200}"}
{"timestamp": "2026-05-26 09:22:45,280", "level": "INFO", "name": "neera", "message": "{\"type\": \"request_timing\", \"path\": \"/api/sensors/latest\", \"method\": \"GET\", \"duration_ms\": 7.92, \"status_code\": 200}"}
{"timestamp": "2026-05-26 09:24:24,961", "level": "INFO", "name": "neera", "message": "{\"type\": \"request_timing\", \"path\": \"/health\", \"method\": \"GET\", \"duration_ms\": 2.1, \"status_code\": 200}"}
{"timestamp": "2026-05-26 09:24:24,976", "level": "INFO", "name": "neera", "message": "{\"type\": \"request_timing\", \"path\": \"/api/sensors/ingest\", \"method\": \"POST\", \"duration_ms\": 13.87, \"status_code\": 200}"}
{"timestamp": "2026-05-26 09:24:24,982", "level": "INFO", "name": "neera", "message": "{\"type\": \"request_timing\", \"path\": \"/api/sensors/latest\", \"method\": \"GET\", \"duration_ms\": 1.37, \"status_code\": 200}"}
{"timestamp": "2026-05-26 09:25:14,305", "level": "INFO", "name": "neera", "message": "{\"type\": \"request_timing\", \"path\": \"/health\", \"method\": \"GET\", \"duration_ms\": 6.97, \"status_code\": 200}"}
{"timestamp": "2026-05-26 09:26:15,715", "level": "INFO", "name": "neera", "message": "{\"type\": \"request_timing\", \"path\": \"/api/sensors/ingest\", \"method\": \"POST\", \"duration_ms\": 16.84, \"status_code\": 200}"}
{"timestamp": "2026-05-26 09:26:15,860", "level": "INFO", "name": "neera", "message": "{\"type\": \"request_timing\", \"path\": \"/api/sensors/latest\", \"method\": \"GET\", \"duration_ms\": 1.6, \"status_code\": 200}"}
{"timestamp": "2026-05-26 09:28:51,915", "level": "INFO", "name": "neera", "message": "{\"type\": \"request_timing\", \"path\": \"/health\", \"method\": \"GET\", \"duration_ms\": 3.97, \"status_code\": 200}"}
{"timestamp": "2026-05-26 09:28:51,970", "level": "INFO", "name": "neera", "message": "{\"type\": \"request_timing\", \"path\": \"/api/sensors/ingest\", \"method\": \"POST\", \"duration_ms\": 14.91, \"status_code\": 200}"}
{"timestamp": "2026-05-26 09:28:51,977", "level": "INFO", "name": "neera", "message": "{\"type\": \"request_timing\", \"path\": \"/api/sensors/latest\", \"method\": \"GET\", \"duration_ms\": 1.68, \"status_code\": 200}"}
{"timestamp": "2026-05-26 09:30:55,472", "level": "INFO", "name": "neera", "message": "{\"type\": \"request_timing\", \"path\": \"/api/sensors/ingest\", \"method\": \"POST\", \"duration_ms\": 29.18, \"status_code\": 200}"}
{"timestamp": "2026-05-26 09:30:55,529", "level": "INFO", "name": "neera", "message": "{\"type\": \"request_timing\", \"path\": \"/api/sensors/latest\", \"method\": \"GET\", \"duration_ms\": 5.03, \"status_code\": 200}"}
{"timestamp": "2026-05-26 09:32:58,618", "level": "INFO", "name": "neera", "message": "{\"type\": \"request_timing\", \"path\": \"/health\", \"method\": \"GET\", \"duration_ms\": 2.15, \"status_code\": 200}"}
{"timestamp": "2026-05-26 09:32:58,709", "level": "INFO", "name": "neera", "message": "{\"type\": \"request_timing\", \"path\": \"/api/sensors/ingest\", \"method\": \"POST\", \"duration_ms\": 12.14, \"status_code\": 200}"}
{"timestamp": "2026-05-26 09:32:58,825", "level": "INFO", "name": "neera", "message": "{\"type\": \"request_timing\", \"path\": \"/api/sensors/latest\", \"method\": \"GET\", \"duration_ms\": 4.04, \"status_code\": 200}"}
{"timestamp": "2026-05-26 09:36:02,642", "level": "INFO", "name": "neera", "message": "{\"type\": \"request_timing\", \"path\": \"/health\", \"method\": \"GET\", \"duration_ms\": 2.46, \"status_code\": 200}"}
{"timestamp": "2026-05-26 09:36:02,731", "level": "INFO", "name": "neera", "message": "{\"type\": \"request_timing\", \"path\": \"/api/sensors/ingest\", \"method\": \"POST\", \"duration_ms\": 15.14, \"status_code\": 200}"}
{"timestamp": "2026-05-26 09:36:02,743", "level": "INFO", "name": "neera", "message": "{\"type\": \"request_timing\", \"path\": \"/api/sensors/latest\", \"method\": \"GET\", \"duration_ms\": 1.49, \"status_code\": 200}"}
{"timestamp": "2026-05-26 09:39:06,799", "level": "INFO", "name": "neera", "message": "{\"type\": \"request_timing\", \"path\": \"/health\", \"method\": \"GET\", \"duration_ms\": 2.77, \"status_code\": 200}"}
{"timestamp": "2026-05-26 09:39:06,876", "level": "INFO", "name": "neera", "message": "{\"type\": \"request_timing\", \"path\": \"/api/sensors/ingest\", \"method\": \"POST\", \"duration_ms\": 13.15, \"status_code\": 200}"}
{"timestamp": "2026-05-26 09:39:07,021", "level": "INFO", "name": "neera", "message": "{\"type\": \"request_timing\", \"path\": \"/api/sensors/latest\", \"method\": \"GET\", \"duration_ms\": 1.49, \"status_code\": 200}"}
{"timestamp": "2026-05-26 09:42:09,351", "level": "INFO", "name": "neera", "message": "{\"type\": \"request_timing\", \"path\": \"/health\", \"method\": \"GET\", \"duration_ms\": 3.25, \"status_code\": 200}"}
{"timestamp": "2026-05-26 09:42:09,366", "level": "INFO", "name": "neera", "message": "{\"type\": \"request_timing\", \"path\": \"/api/sensors/ingest\", \"method\": \"POST\", \"duration_ms\": 6.49, \"status_code\": 200}"}
{"timestamp": "2026-05-26 09:42:09,373", "level": "INFO", "name": "neera", "message": "{\"type\": \"request_timing\", \"path\": \"/api/sensors/latest\", \"method\": \"GET\", \"duration_ms\": 1.53, \"status_code\": 200}"}
{"timestamp": "2026-05-26 09:45:11,325", "level": "INFO", "name": "neera", "message": "{\"type\": \"request_timing\", \"path\": \"/health\", \"method\": \"GET\", \"duration_ms\": 4.64, \"status_code\": 200}"}
{"timestamp": "2026-05-26 09:45:11,340", "level": "INFO", "name": "neera", "message": "{\"type\": \"request_timing\", \"path\": \"/api/sensors/ingest\", \"method\": \"POST\", \"duration_ms\": 3.4, \"status_code\": 200}"}
{"timestamp": "2026-05-26 09:45:11,353", "level": "INFO", "name": "neera", "message": "{\"type\": \"request_timing\", \"path\": \"/api/sensors/latest\", \"method\": \"GET\", \"duration_ms\": 1.37, \"status_code\": 200}"}
